{"name": "test_delete_application_page", "status": "broken", "statusDetails": {"message": "selenium.common.exceptions.TimeoutException: Message: \nStacktrace:\n0   chromedriver                        0x0000000100e23128 chromedriver + 4596008\n1   chromedriver                        0x0000000100e1ae93 chromedriver + 4562579\n2   chromedriver                        0x0000000100a1e39a chromedriver + 381850\n3   chromedriver                        0x0000000100a67f08 chromedriver + 683784\n4   chromedriver                        0x0000000100a68191 chromedriver + 684433\n5   chromedriver                        0x0000000100aacb14 chromedriver + 965396\n6   chromedriver                        0x0000000100a8a16d chromedriver + 823661\n7   chromedriver                        0x0000000100aaa14d chromedriver + 954701\n8   chromedriver                        0x0000000100a89ee3 chromedriver + 823011\n9   chromedriver                        0x0000000100a5abe4 chromedriver + 629732\n10  chromedriver                        0x0000000100a5b79e chromedriver + 632734\n11  chromedriver                        0x0000000100de9042 chromedriver + 4358210\n12  chromedriver                        0x0000000100dedc8d chromedriver + 4377741\n13  chromedriver                        0x0000000100ded603 chromedriver + 4376067\n14  chromedriver                        0x0000000100dedf35 chromedriver + 4378421\n15  chromedriver                        0x0000000100dd2a65 chromedriver + 4266597\n16  chromedriver                        0x0000000100dee2bd chromedriver + 4379325\n17  chromedriver                        0x0000000100dc50b0 chromedriver + 4210864\n18  chromedriver                        0x0000000100e0baf8 chromedriver + 4500216\n19  chromedriver                        0x0000000100e0bc71 chromedriver + 4500593\n20  chromedriver                        0x0000000100e1aad3 chromedriver + 4561619\n21  libsystem_pthread.dylib             0x00007ff80f83b1d3 _pthread_start + 125\n22  libsystem_pthread.dylib             0x00007ff80f836bd3 thread_start + 15", "trace": "self = <Ahalogist_cases.test_application.Test_Application object at 0x7fc21c491af0>\nses_init = <selenium.webdriver.chrome.webdriver.WebDriver (session=\"c563b4842e0dd253a0fce094a15e5082\")>\nrequest = <FixtureRequest for <Function test_delete_application_page>>\n\n    @allure.feature(\"Application Creation Functionality\")\n    @allure.story(\"Critical Tests\")\n    @allure.severity(allure.severity_level.CRITICAL)\n    @pytest.mark.critical\n    @pytest.mark.run(order=Order.Application)\n    def test_delete_application_page(self, ses_init, request):\n        # remove_files_in_directory(f\"{os.getcwd()}/screenshots\")\n        # screen = aha_recording_and_capturing_screen(ses_init, request.node.name)\n        app_create = self.delete_application_object(ses_init)\n>       app_create.delete_application()\n\nAhalogist_cases/test_application.py:27: \n_ _ _ _ _ _ _ _ _ _ _ _ _ _ _ _ _ _ _ _ _ _ _ _ _ _ _ _ _ _ _ _ _ _ _ _ _ _ _ _ _ _ _ _ _ _ _ _ _ _ _ _ _ _ _ _ _ _ _ _ _ _ _ _ _ _ _ _ _ _ _ _ _ _ _ _ _ _ _ _ \nAhalogist_pages/Delete_application.py:32: in delete_application\n    self.do_click(self.Delete_app)\nAhalogist_pages/Basepage.py:18: in do_click\n    WebDriverWait(self.driver, 30).until(\n_ _ _ _ _ _ _ _ _ _ _ _ _ _ _ _ _ _ _ _ _ _ _ _ _ _ _ _ _ _ _ _ _ _ _ _ _ _ _ _ _ _ _ _ _ _ _ _ _ _ _ _ _ _ _ _ _ _ _ _ _ _ _ _ _ _ _ _ _ _ _ _ _ _ _ _ _ _ _ _ \n\nself = <selenium.webdriver.support.wait.WebDriverWait (session=\"c563b4842e0dd253a0fce094a15e5082\")>\nmethod = <function visibility_of_element_located.<locals>._predicate at 0x7fc21e876820>, message = ''\n\n    def until(self, method: Callable[[WebDriver], Union[Literal[False], T]], message: str = \"\") -> T:\n        \"\"\"Calls the method provided with the driver as an argument until the \\\n        return value does not evaluate to ``False``.\n    \n        :param method: callable(WebDriver)\n        :param message: optional message for :exc:`TimeoutException`\n        :returns: the result of the last call to `method`\n        :raises: :exc:`selenium.common.exceptions.TimeoutException` if timeout occurs\n        \"\"\"\n        screen = None\n        stacktrace = None\n    \n        end_time = time.monotonic() + self._timeout\n        while True:\n            try:\n                value = method(self._driver)\n                if value:\n                    return value\n            except self._ignored_exceptions as exc:\n                screen = getattr(exc, \"screen\", None)\n                stacktrace = getattr(exc, \"stacktrace\", None)\n            time.sleep(self._poll)\n            if time.monotonic() > end_time:\n                break\n>       raise TimeoutException(message, screen, stacktrace)\nE       selenium.common.exceptions.TimeoutException: Message: \nE       Stacktrace:\nE       0   chromedriver                        0x0000000100e23128 chromedriver + 4596008\nE       1   chromedriver                        0x0000000100e1ae93 chromedriver + 4562579\nE       2   chromedriver                        0x0000000100a1e39a chromedriver + 381850\nE       3   chromedriver                        0x0000000100a67f08 chromedriver + 683784\nE       4   chromedriver                        0x0000000100a68191 chromedriver + 684433\nE       5   chromedriver                        0x0000000100aacb14 chromedriver + 965396\nE       6   chromedriver                        0x0000000100a8a16d chromedriver + 823661\nE       7   chromedriver                        0x0000000100aaa14d chromedriver + 954701\nE       8   chromedriver                        0x0000000100a89ee3 chromedriver + 823011\nE       9   chromedriver                        0x0000000100a5abe4 chromedriver + 629732\nE       10  chromedriver                        0x0000000100a5b79e chromedriver + 632734\nE       11  chromedriver                        0x0000000100de9042 chromedriver + 4358210\nE       12  chromedriver                        0x0000000100dedc8d chromedriver + 4377741\nE       13  chromedriver                        0x0000000100ded603 chromedriver + 4376067\nE       14  chromedriver                        0x0000000100dedf35 chromedriver + 4378421\nE       15  chromedriver                        0x0000000100dd2a65 chromedriver + 4266597\nE       16  chromedriver                        0x0000000100dee2bd chromedriver + 4379325\nE       17  chromedriver                        0x0000000100dc50b0 chromedriver + 4210864\nE       18  chromedriver                        0x0000000100e0baf8 chromedriver + 4500216\nE       19  chromedriver                        0x0000000100e0bc71 chromedriver + 4500593\nE       20  chromedriver                        0x0000000100e1aad3 chromedriver + 4561619\nE       21  libsystem_pthread.dylib             0x00007ff80f83b1d3 _pthread_start + 125\nE       22  libsystem_pthread.dylib             0x00007ff80f836bd3 thread_start + 15\n\nvenv/lib/python3.9/site-packages/selenium/webdriver/support/wait.py:101: TimeoutException"}, "attachments": [{"name": "test_delete_application_page_2024-03-27.png", "source": "fa9c34ee-b720-4200-b52f-20443bc45c36-attachment.png", "type": "image/png"}, {"name": "test_delete_application_page_error_logs.txt", "source": "2db3b04d-a55a-47c5-8277-0a956cb85005-attachment.txt", "type": "text/plain"}], "start": 1711558113122, "stop": 1711558149042, "uuid": "dce53f06-da64-4c1c-ae5a-f9c1bfab2f08", "historyId": "099c37db55ff9a809afd2b6f2d61f02e", "testCaseId": "099c37db55ff9a809afd2b6f2d61f02e", "fullName": "Ahalogist_cases.test_application.Test_Application#test_delete_application_page", "labels": [{"name": "story", "value": "Critical Tests"}, {"name": "severity", "value": "critical"}, {"name": "feature", "value": "Application Creation Functionality"}, {"name": "tag", "value": "run(order=18)"}, {"name": "tag", "value": "critical"}, {"name": "parentSuite", "value": "Ahalogist_cases"}, {"name": "suite", "value": "test_application"}, {"name": "subSuite", "value": "Test_Application"}, {"name": "host", "value": "vigupta-LTM"}, {"name": "thread", "value": "85231-MainThread"}, {"name": "framework", "value": "pytest"}, {"name": "language", "value": "cpython3"}, {"name": "package", "value": "Ahalogist_cases.test_application"}]}